<?xml version="1.0" encoding="UTF-8"?>
<!-- Generated by org.testng.reporters.JUnitXMLReporter -->
<testsuite ignored="2" hostname="DESKTOP-JI937C6" failures="0" tests="1" name="Default test" time="0.124" errors="0" timestamp="2022-05-13T12:52:28 IST">
  <testcase classname="com.comcast.CampaignTest.CampaignTest" name="deletCampaignTest" time="0.023"/>
  <testcase classname="com.comcast.CampaignTest.CampaignTest" name="editCampaignTest" time="0.0">
    <ignored/>
  </testcase> <!-- editCampaignTest -->
  <testcase classname="com.comcast.CampaignTest.CampaignTest" name="createCampaignTest" time="0.0">
    <ignored/>
  </testcase> <!-- createCampaignTest -->
</testsuite> <!-- Default test -->
