<?xml version="1.0" encoding="UTF-8"?>
<!-- Generated by org.testng.reporters.JUnitXMLReporter -->
<testsuite ignored="0" hostname="DESKTOP-JI937C6" failures="0" tests="3" name="Default test" time="0.104" errors="0" timestamp="2022-05-10T16:08:04 IST">
  <testcase classname="com.comcast.CampaignTest.CampaignTest" name="createCampaignTest" time="0.019"/>
  <testcase classname="com.comcast.CampaignTest.CampaignTest" name="deletCampaignTest" time="0.006"/>
  <testcase classname="com.comcast.CampaignTest.CampaignTest" name="editCampaignTest" time="0.006"/>
</testsuite> <!-- Default test -->
