<?xml version="1.0" encoding="UTF-8"?>
<!-- Generated by org.testng.reporters.JUnitXMLReporter -->
<testsuite hostname="DESKTOP-JI937C6" ignored="0" name="Command line test" tests="9" failures="0" timestamp="2022-05-10T17:33:18 IST" time="0.074" errors="0">
  <testcase name="createCampaignTest" time="0.007" classname="com.comcast.CampaignTest.CampaignTest"/>
  <testcase name="deletCampaignTest" time="0.0" classname="com.comcast.CampaignTest.CampaignTest"/>
  <testcase name="editCampaignTest" time="0.0" classname="com.comcast.CampaignTest.CampaignTest"/>
  <testcase name="createContactTest" time="0.001" classname="com.comcast.ContactTest.ContactTest"/>
  <testcase name="deletContactTest" time="0.0" classname="com.comcast.ContactTest.ContactTest"/>
  <testcase name="editContactTest" time="0.0" classname="com.comcast.ContactTest.ContactTest"/>
  <testcase name="createOrganizationTest" time="0.0" classname="com.comcast.OrgTest.OrganizationTest"/>
  <testcase name="deletOrganizationTest" time="0.001" classname="com.comcast.OrgTest.OrganizationTest"/>
  <testcase name="editOrganizationTest" time="0.0" classname="com.comcast.OrgTest.OrganizationTest"/>
</testsuite> <!-- Command line test -->
