<?xml version="1.0" encoding="UTF-8"?>
<!-- Generated by org.testng.reporters.JUnitXMLReporter -->
<testsuite hostname="DESKTOP-JI937C6" ignored="3" name="Test" tests="6" failures="0" timestamp="2022-05-10T17:29:16 IST" time="0.072" errors="0">
  <testcase name="deletCampaignTest" time="0.006" classname="com.comcast.CampaignTest.CampaignTest"/>
  <testcase name="editCampaignTest" time="0.0" classname="com.comcast.CampaignTest.CampaignTest"/>
  <testcase name="deletContactTest" time="0.0" classname="com.comcast.ContactTest.ContactTest"/>
  <testcase name="editContactTest" time="0.001" classname="com.comcast.ContactTest.ContactTest"/>
  <testcase name="deletOrganizationTest" time="0.0" classname="com.comcast.OrgTest.OrganizationTest"/>
  <testcase name="editOrganizationTest" time="0.001" classname="com.comcast.OrgTest.OrganizationTest"/>
  <testcase name="createOrganizationTest" time="0.0" classname="com.comcast.OrgTest.OrganizationTest">
    <ignored/>
  </testcase> <!-- createOrganizationTest -->
  <testcase name="createContactTest" time="0.0" classname="com.comcast.ContactTest.ContactTest">
    <ignored/>
  </testcase> <!-- createContactTest -->
  <testcase name="createCampaignTest" time="0.0" classname="com.comcast.CampaignTest.CampaignTest">
    <ignored/>
  </testcase> <!-- createCampaignTest -->
</testsuite> <!-- Test -->
