<?xml version="1.0" encoding="UTF-8"?>
<testng-results skipped="0" failed="0" ignored="0" total="9" passed="9">
  <reporter-output>
  </reporter-output>
  <suite name="Command line suite" duration-ms="74" started-at="2022-05-10T17:33:18 IST" finished-at="2022-05-10T17:33:18 IST">
    <groups>
      <group name="regressionTest">
        <method signature="CampaignTest.deletCampaignTest()[pri:0, instance:com.comcast.CampaignTest.CampaignTest@4cf777e8]" name="deletCampaignTest" class="com.comcast.CampaignTest.CampaignTest"/>
        <method signature="CampaignTest.editCampaignTest()[pri:0, instance:com.comcast.CampaignTest.CampaignTest@4cf777e8]" name="editCampaignTest" class="com.comcast.CampaignTest.CampaignTest"/>
        <method signature="ContactTest.deletContactTest()[pri:0, instance:com.comcast.ContactTest.ContactTest@2f686d1f]" name="deletContactTest" class="com.comcast.ContactTest.ContactTest"/>
        <method signature="ContactTest.editContactTest()[pri:0, instance:com.comcast.ContactTest.ContactTest@2f686d1f]" name="editContactTest" class="com.comcast.ContactTest.ContactTest"/>
        <method signature="OrganizationTest.deletOrganizationTest()[pri:0, instance:com.comcast.OrgTest.OrganizationTest@3fee9989]" name="deletOrganizationTest" class="com.comcast.OrgTest.OrganizationTest"/>
        <method signature="OrganizationTest.editOrganizationTest()[pri:0, instance:com.comcast.OrgTest.OrganizationTest@3fee9989]" name="editOrganizationTest" class="com.comcast.OrgTest.OrganizationTest"/>
      </group> <!-- regressionTest -->
      <group name="smokeTest">
        <method signature="CampaignTest.createCampaignTest()[pri:0, instance:com.comcast.CampaignTest.CampaignTest@4cf777e8]" name="createCampaignTest" class="com.comcast.CampaignTest.CampaignTest"/>
        <method signature="ContactTest.createContactTest()[pri:0, instance:com.comcast.ContactTest.ContactTest@2f686d1f]" name="createContactTest" class="com.comcast.ContactTest.ContactTest"/>
        <method signature="OrganizationTest.createOrganizationTest()[pri:0, instance:com.comcast.OrgTest.OrganizationTest@3fee9989]" name="createOrganizationTest" class="com.comcast.OrgTest.OrganizationTest"/>
      </group> <!-- smokeTest -->
    </groups>
    <test name="Command line test" duration-ms="74" started-at="2022-05-10T17:33:18 IST" finished-at="2022-05-10T17:33:18 IST">
      <class name="com.comcast.ContactTest.ContactTest">
        <test-method status="PASS" signature="createContactTest()[pri:0, instance:com.comcast.ContactTest.ContactTest@2f686d1f]" name="createContactTest" duration-ms="1" started-at="2022-05-10T17:33:18 IST" finished-at="2022-05-10T17:33:18 IST">
          <reporter-output>
          </reporter-output>
        </test-method> <!-- createContactTest -->
        <test-method status="PASS" signature="deletContactTest()[pri:0, instance:com.comcast.ContactTest.ContactTest@2f686d1f]" name="deletContactTest" duration-ms="0" started-at="2022-05-10T17:33:18 IST" finished-at="2022-05-10T17:33:18 IST">
          <reporter-output>
          </reporter-output>
        </test-method> <!-- deletContactTest -->
        <test-method status="PASS" signature="editContactTest()[pri:0, instance:com.comcast.ContactTest.ContactTest@2f686d1f]" name="editContactTest" duration-ms="0" started-at="2022-05-10T17:33:18 IST" finished-at="2022-05-10T17:33:18 IST">
          <reporter-output>
          </reporter-output>
        </test-method> <!-- editContactTest -->
      </class> <!-- com.comcast.ContactTest.ContactTest -->
      <class name="com.comcast.CampaignTest.CampaignTest">
        <test-method status="PASS" signature="createCampaignTest()[pri:0, instance:com.comcast.CampaignTest.CampaignTest@4cf777e8]" name="createCampaignTest" duration-ms="7" started-at="2022-05-10T17:33:18 IST" finished-at="2022-05-10T17:33:18 IST">
          <reporter-output>
          </reporter-output>
        </test-method> <!-- createCampaignTest -->
        <test-method status="PASS" signature="deletCampaignTest()[pri:0, instance:com.comcast.CampaignTest.CampaignTest@4cf777e8]" name="deletCampaignTest" duration-ms="0" started-at="2022-05-10T17:33:18 IST" finished-at="2022-05-10T17:33:18 IST">
          <reporter-output>
          </reporter-output>
        </test-method> <!-- deletCampaignTest -->
        <test-method status="PASS" signature="editCampaignTest()[pri:0, instance:com.comcast.CampaignTest.CampaignTest@4cf777e8]" name="editCampaignTest" duration-ms="0" started-at="2022-05-10T17:33:18 IST" finished-at="2022-05-10T17:33:18 IST">
          <reporter-output>
          </reporter-output>
        </test-method> <!-- editCampaignTest -->
      </class> <!-- com.comcast.CampaignTest.CampaignTest -->
      <class name="com.comcast.OrgTest.OrganizationTest">
        <test-method status="PASS" signature="createOrganizationTest()[pri:0, instance:com.comcast.OrgTest.OrganizationTest@3fee9989]" name="createOrganizationTest" duration-ms="0" started-at="2022-05-10T17:33:18 IST" finished-at="2022-05-10T17:33:18 IST">
          <reporter-output>
          </reporter-output>
        </test-method> <!-- createOrganizationTest -->
        <test-method status="PASS" signature="deletOrganizationTest()[pri:0, instance:com.comcast.OrgTest.OrganizationTest@3fee9989]" name="deletOrganizationTest" duration-ms="1" started-at="2022-05-10T17:33:18 IST" finished-at="2022-05-10T17:33:18 IST">
          <reporter-output>
          </reporter-output>
        </test-method> <!-- deletOrganizationTest -->
        <test-method status="PASS" signature="editOrganizationTest()[pri:0, instance:com.comcast.OrgTest.OrganizationTest@3fee9989]" name="editOrganizationTest" duration-ms="0" started-at="2022-05-10T17:33:18 IST" finished-at="2022-05-10T17:33:18 IST">
          <reporter-output>
          </reporter-output>
        </test-method> <!-- editOrganizationTest -->
      </class> <!-- com.comcast.OrgTest.OrganizationTest -->
    </test> <!-- Command line test -->
  </suite> <!-- Command line suite -->
</testng-results>
