<?xml version="1.0" encoding="UTF-8"?>
<testng-results ignored="0" total="3" passed="3" failed="0" skipped="0">
  <reporter-output>
  </reporter-output>
  <suite started-at="2022-05-10T16:08:03 IST" name="Default suite" finished-at="2022-05-10T16:08:03 IST" duration-ms="104">
    <groups>
      <group name="regressionTest">
        <method signature="CampaignTest.deletCampaignTest()[pri:0, instance:com.comcast.CampaignTest.CampaignTest@366647c2]" name="deletCampaignTest" class="com.comcast.CampaignTest.CampaignTest"/>
        <method signature="CampaignTest.editCampaignTest()[pri:0, instance:com.comcast.CampaignTest.CampaignTest@366647c2]" name="editCampaignTest" class="com.comcast.CampaignTest.CampaignTest"/>
      </group> <!-- regressionTest -->
      <group name="smokeTest">
        <method signature="CampaignTest.createCampaignTest()[pri:0, instance:com.comcast.CampaignTest.CampaignTest@366647c2]" name="createCampaignTest" class="com.comcast.CampaignTest.CampaignTest"/>
      </group> <!-- smokeTest -->
    </groups>
    <test started-at="2022-05-10T16:08:03 IST" name="Default test" finished-at="2022-05-10T16:08:03 IST" duration-ms="104">
      <class name="com.comcast.CampaignTest.CampaignTest">
        <test-method signature="createCampaignTest()[pri:0, instance:com.comcast.CampaignTest.CampaignTest@366647c2]" started-at="2022-05-10T16:08:03 IST" name="createCampaignTest" finished-at="2022-05-10T16:08:03 IST" duration-ms="19" status="PASS">
          <reporter-output>
          </reporter-output>
        </test-method> <!-- createCampaignTest -->
        <test-method signature="deletCampaignTest()[pri:0, instance:com.comcast.CampaignTest.CampaignTest@366647c2]" started-at="2022-05-10T16:08:03 IST" name="deletCampaignTest" finished-at="2022-05-10T16:08:03 IST" duration-ms="6" status="PASS">
          <reporter-output>
          </reporter-output>
        </test-method> <!-- deletCampaignTest -->
        <test-method signature="editCampaignTest()[pri:0, instance:com.comcast.CampaignTest.CampaignTest@366647c2]" started-at="2022-05-10T16:08:03 IST" name="editCampaignTest" finished-at="2022-05-10T16:08:03 IST" duration-ms="6" status="PASS">
          <reporter-output>
          </reporter-output>
        </test-method> <!-- editCampaignTest -->
      </class> <!-- com.comcast.CampaignTest.CampaignTest -->
    </test> <!-- Default test -->
  </suite> <!-- Default suite -->
</testng-results>
