<?xml version="1.0" encoding="UTF-8"?>
<testng-results ignored="2" total="3" passed="1" failed="0" skipped="0">
  <reporter-output>
  </reporter-output>
  <suite started-at="2022-05-13T12:52:28 IST" name="Default suite" finished-at="2022-05-13T12:52:28 IST" duration-ms="124">
    <groups>
      <group name="regressionTest">
        <method signature="CampaignTest.deletCampaignTest()[pri:0, instance:com.comcast.CampaignTest.CampaignTest@770d3326]" name="deletCampaignTest" class="com.comcast.CampaignTest.CampaignTest"/>
      </group> <!-- regressionTest -->
    </groups>
    <test started-at="2022-05-13T12:52:28 IST" name="Default test" finished-at="2022-05-13T12:52:28 IST" duration-ms="124">
      <class name="com.comcast.CampaignTest.CampaignTest">
        <test-method signature="deletCampaignTest()[pri:0, instance:com.comcast.CampaignTest.CampaignTest@770d3326]" started-at="2022-05-13T12:52:28 IST" name="deletCampaignTest" finished-at="2022-05-13T12:52:28 IST" duration-ms="23" status="PASS">
          <reporter-output>
          </reporter-output>
        </test-method> <!-- deletCampaignTest -->
      </class> <!-- com.comcast.CampaignTest.CampaignTest -->
    </test> <!-- Default test -->
  </suite> <!-- Default suite -->
</testng-results>
